Flutter crash report; please file at https://github.com/flutter/flutter/issues.

## command

flutter --no-color run --machine --track-widget-creation --device-id=6af33777 --start-paused lib\main.dart

## exception

RpcException: JSON-RPC error -32000: There are no running service protocol handlers.

```
package:json_rpc_2/src/client.dart 110:64              Client.sendRequest
package:json_rpc_2/src/peer.dart 79:15                 Peer.sendRequest
package:flutter_tools/src/vmservice.dart 316:13        VMService._sendRequest
package:flutter_tools/src/vmservice.dart 851:60        VM.invokeRpcRaw
===== asynchronous gap ===========================
package:flutter_tools/src/vmservice.dart 872:49        VM.invokeRpc
===== asynchronous gap ===========================
package:flutter_tools/src/vmservice.dart 941:12        VM.runInView
package:flutter_tools/src/vmservice.dart 1455:20       FlutterView.runFromSource
===== asynchronous gap ===========================
package:flutter_tools/src/run_hot.dart 374:24          HotRunner._launchInView
package:flutter_tools/src/run_hot.dart 389:19          HotRunner._launchFromDevFS
===== asynchronous gap ===========================
package:flutter_tools/src/run_hot.dart 460:11          HotRunner._restartFromSources
===== asynchronous gap ===========================
package:flutter_tools/src/run_hot.dart 548:46          HotRunner.restart
===== asynchronous gap ===========================
package:flutter_tools/src/commands/daemon.dart 863:19  AppInstance.restart
package:flutter_tools/src/commands/daemon.dart 543:18  AppDomain.restart.<fn>
package:flutter_tools/src/base/context.dart 153:29     AppContext.run.<fn>
===== asynchronous gap ===========================
dart:async/zone.dart 1124:13                           _rootRun
dart:async/zone.dart 1021:19                           _CustomZone.run
dart:async/zone.dart 1516:10                           _runZoned
dart:async/zone.dart 1463:12                           runZoned
package:flutter_tools/src/base/context.dart 152:18     AppContext.run
===== asynchronous gap ===========================
package:flutter_tools/src/commands/daemon.dart 876:20  AppInstance._runInZone
package:flutter_tools/src/commands/daemon.dart 542:32  AppDomain.restart
===== asynchronous gap ===========================
package:flutter_tools/src/commands/daemon.dart 188:34  Domain.handleCommand.<fn>
dart:async/future.dart 224:31                          new Future.sync
package:flutter_tools/src/commands/daemon.dart 185:77  Domain.handleCommand
package:flutter_tools/src/commands/daemon.dart 144:26  Daemon._handleRequest
dart:async/zone.dart 1132:38                           _rootRunUnary
dart:async/zone.dart 1029:19                           _CustomZone.runUnary
dart:async/zone.dart 931:7                             _CustomZone.runUnaryGuarded
dart:async/stream_impl.dart 336:11                     _BufferingStreamSubscription._sendData
dart:async/stream_impl.dart 263:7                      _BufferingStreamSubscription._add
dart:async/stream_pipe.dart 132:11                     _ForwardingStreamSubscription._add
dart:async/stream_pipe.dart 232:10                     _MapStream._handleData
dart:async/stream_pipe.dart 164:13                     _ForwardingStreamSubscription._handleData
dart:async/zone.dart 1132:38                           _rootRunUnary
dart:async/zone.dart 1029:19                           _CustomZone.runUnary
dart:async/zone.dart 931:7                             _CustomZone.runUnaryGuarded
dart:async/stream_impl.dart 336:11                     _BufferingStreamSubscription._sendData
dart:async/stream_impl.dart 263:7                      _BufferingStreamSubscription._add
dart:async/stream_pipe.dart 132:11                     _ForwardingStreamSubscription._add
dart:async/stream_pipe.dart 207:12                     _WhereStream._handleData
dart:async/stream_pipe.dart 164:13                     _ForwardingStreamSubscription._handleData
dart:async/zone.dart 1132:38                           _rootRunUnary
dart:async/zone.dart 1029:19                           _CustomZone.runUnary
dart:async/zone.dart 931:7                             _CustomZone.runUnaryGuarded
dart:async/stream_impl.dart 336:11                     _BufferingStreamSubscription._sendData
dart:async/stream_impl.dart 263:7                      _BufferingStreamSubscription._add
dart:async/stream_transformers.dart 68:11              _SinkTransformerStreamSubscription._add
dart:async/stream_transformers.dart 15:11              _EventSinkWrapper.add
dart:convert/string_conversion.dart 236:11             _StringAdapterSink.add
dart:convert/line_splitter.dart 150:13                 _LineSplitterSink._addLines
dart:convert/line_splitter.dart 125:5                  _LineSplitterSink.addSlice
dart:convert/string_conversion.dart 163:5              StringConversionSinkMixin.add
dart:async/stream_transformers.dart 120:24             _SinkTransformerStreamSubscription._handleData
dart:async/zone.dart 1132:38                           _rootRunUnary
dart:async/zone.dart 1029:19                           _CustomZone.runUnary
dart:async/zone.dart 931:7                             _CustomZone.runUnaryGuarded
dart:async/stream_impl.dart 336:11                     _BufferingStreamSubscription._sendData
dart:async/stream_impl.dart 263:7                      _BufferingStreamSubscription._add
dart:async/stream_transformers.dart 68:11              _SinkTransformerStreamSubscription._add
dart:async/stream_transformers.dart 15:11              _EventSinkWrapper.add
dart:convert/string_conversion.dart 236:11             _StringAdapterSink.add
dart:convert/string_conversion.dart 241:7              _StringAdapterSink.addSlice
dart:convert/string_conversion.dart 312:20             _Utf8ConversionSink.addSlice
dart:convert/string_conversion.dart 305:5              _Utf8ConversionSink.add
dart:convert/chunked_conversion.dart 72:18             _ConverterStreamEventSink.add
dart:async/stream_transformers.dart 120:24             _SinkTransformerStreamSubscription._handleData
dart:async/zone.dart 1132:38                           _rootRunUnary
dart:async/zone.dart 1029:19                           _CustomZone.runUnary
dart:async/zone.dart 931:7                             _CustomZone.runUnaryGuarded
dart:async/stream_impl.dart 336:11                     _BufferingStreamSubscription._sendData
dart:async/stream_impl.dart 263:7                      _BufferingStreamSubscription._add
dart:async/stream_controller.dart 764:19               _SyncStreamController._sendData
dart:async/stream_controller.dart 640:7                _StreamController._add
dart:async/stream_controller.dart 586:5                _StreamController.add
dart:io-patch/socket_patch.dart 1786:41                _Socket._onData
dart:async/zone.dart 1136:13                           _rootRunUnary
dart:async/zone.dart 1029:19                           _CustomZone.runUnary
dart:async/zone.dart 931:7                             _CustomZone.runUnaryGuarded
dart:async/stream_impl.dart 336:11                     _BufferingStreamSubscription._sendData
dart:async/stream_impl.dart 263:7                      _BufferingStreamSubscription._add
dart:async/stream_controller.dart 764:19               _SyncStreamController._sendData
dart:async/stream_controller.dart 640:7                _StreamController._add
dart:async/stream_controller.dart 586:5                _StreamController.add
dart:io-patch/socket_patch.dart 1335:33                new _RawSocket.<fn>
dart:io-patch/socket_patch.dart 856:14                 _NativeSocket.issueReadEvent.issue
dart:async/schedule_microtask.dart 41:21               _microtaskLoop
dart:async/schedule_microtask.dart 50:5                _startMicrotaskLoop
dart:isolate-patch/isolate_patch.dart 116:13           _runPendingImmediateCallback
dart:isolate-patch/isolate_patch.dart 173:5            _RawReceivePortImpl._handleMessage
```

## flutter doctor

```
[✓] Flutter (Channel dev, v1.7.4, on Microsoft Windows [Version 6.3.9600], locale zh-CN)
    • Flutter version 1.7.4 at D:\flutter
    • Framework revision dfecafa4ab (7 weeks ago), 2019-06-14 09:46:23 -0700
    • Engine revision 2589785b5c
    • Dart version 2.4.0

[!] Android toolchain - develop for Android devices (Android SDK version 28.0.3)
    • Android SDK at E:/adt-bundle-windows-x86_64-20130917/sdk
    • Android NDK location not configured (optional; useful for native profiling support)
    • Platform android-28, build-tools 28.0.3
    • ANDROID_HOME = E:/adt-bundle-windows-x86_64-20130917/sdk
    • Java binary at: D:\Program Files\Android\Android Studio\jre\bin\java
    • Java version OpenJDK Runtime Environment (build 1.8.0_152-release-1343-b01)
    ! Some Android licenses not accepted.  To resolve this, run: flutter doctor --android-licenses

[✗] Visual Studio - develop for Windows
    ✗ Visual Studio not installed; this is necessary for Windows development.
      Download at https://visualstudio.microsoft.com/downloads/.

[✓] Android Studio (version 3.4)
    • Android Studio at D:\Program Files\Android\Android Studio
    • Flutter plugin version 36.1.1
    • Dart plugin version 183.6270
    • Java version OpenJDK Runtime Environment (build 1.8.0_152-release-1343-b01)

[!] IntelliJ IDEA Ultimate Edition (version 2018.1)
    • IntelliJ at D:\idea\IntelliJ IDEA 2018.1.2
    ✗ Flutter plugin not installed; this adds Flutter specific functionality.
    ✗ Dart plugin not installed; this adds Dart specific functionality.
    • For information about installing plugins, see
      https://flutter.dev/intellij-setup/#installing-the-plugins

[✓] Connected device (1 available)
    • vivo Xplay6 • 6af33777 • android-arm64 • Android 7.1.1 (API 25)

! Doctor found issues in 3 categories.
```
